2014-10-16 14:19:24,634 INFO  [Log] Logger file Configured 
2014-10-16 14:19:24,636 INFO  [Log] Test Case Name extract successfully 
2014-10-16 14:19:24,636 INFO  [Log] ******************************************************************************************************************** 
2014-10-16 14:19:24,636 INFO  [Log] ******************************************************************************************************************** 
2014-10-16 14:19:24,636 INFO  [Log] **********************************            sTestCaseName                ***************************************** 
2014-10-16 14:19:24,636 INFO  [Log] ******************************************************************************************************************** 
2014-10-16 14:19:24,636 INFO  [Log] ******************************************************************************************************************** 
2014-10-16 14:19:24,636 INFO  [Log] AboutUs Sheet find successfully 
2014-10-16 14:19:32,959 INFO  [Log] Browser launched successfully 
2014-10-16 14:19:32,979 INFO  [Log] 20 Seconds implecit wait is applied 
2014-10-16 14:19:54,459 INFO  [Log] URL launched successfully 
2014-10-16 14:19:55,519 INFO  [Log] Email successfully entered 
2014-10-16 14:19:56,389 INFO  [Log] Password successfully entered 
2014-10-16 14:20:03,574 INFO  [Log] Clicked on Login Button 
2014-10-16 14:20:03,777 INFO  [Log] ScreenShot taken succefully 
2014-10-16 14:20:03,777 INFO  [Log] XXXXXXXXXXXXXXXXXXXXXXXXXXXXXXXXXXXXXXXXXXXXXXXXXXXXXXXXXXXXXXXXXXXXXXXXXXXXXXXXXXXXXXXXXXXXXXXXXXXXXXXXXXXXXXXXXXXX 
2014-10-16 14:20:03,777 INFO  [Log] XXXXXXXXXXXXXXXXXXXXXXXXXXXXXXX----------- End TestCasee------------------  XXXXXXXXXXXXXXXXXXXXXXXXXXXXXXXXXXXXXXXX 
2014-10-16 14:20:03,777 INFO  [Log] XXXXXXXXXXXXXXXXXXXXXXXXXXXXXXXXXXXXXXXXXXXXXXXXXXXXXXXXXXXXXXXXXXXXXXXXXXXXXXXXXXXXXXXXXXXXXXXXXXXXXXXXXXXXXXXXXXXX 
2014-10-16 14:20:03,777 INFO  [Log] Browser Successfully Closed 
2014-10-16 16:08:53,238 INFO  [Log] ******************************************************************************************************************** 
2014-10-16 16:08:53,238 INFO  [Log] ******************************************************************************************************************** 
2014-10-16 16:08:53,238 INFO  [Log] **********************************            sTestCaseName                ***************************************** 
2014-10-16 16:08:53,238 INFO  [Log] ******************************************************************************************************************** 
2014-10-16 16:08:53,238 INFO  [Log] ******************************************************************************************************************** 
2014-10-16 16:08:53,238 INFO  [Log] AboutUs Sheet find successfully 
2014-10-16 16:09:02,023 INFO  [Log] Browser launched successfully 
2014-10-16 16:09:02,054 INFO  [Log] 20 Seconds implecit wait is applied 
2014-10-16 16:09:41,393 INFO  [Log] URL launched successfully 
2014-10-16 16:09:42,360 INFO  [Log] Emailid text box found successfully 
2014-10-16 16:09:42,454 INFO  [Log] Email successfully entered 
2014-10-16 16:09:42,470 INFO  [Log] Password textbox found successfully 
2014-10-16 16:09:43,406 INFO  [Log] Password successfully entered 
2014-10-16 16:09:43,437 INFO  [Log] Login Button found on Login page 
2014-10-16 16:09:53,390 INFO  [Log] Clicked on Login Button 
2014-10-16 16:09:53,608 INFO  [Log] ScreenShot taken succefully 
2014-10-16 16:09:53,624 INFO  [Log] Settings menu found on Page 
2014-10-16 16:09:53,764 INFO  [Log] Logout sub menu found under settings drop down 
2014-10-16 16:15:51,683 INFO  [Log] ******************************************************************************************************************** 
2014-10-16 16:15:51,683 INFO  [Log] ******************************************************************************************************************** 
2014-10-16 16:15:51,683 INFO  [Log] **********************************            sTestCaseName                ***************************************** 
2014-10-16 16:15:51,683 INFO  [Log] ******************************************************************************************************************** 
2014-10-16 16:15:51,683 INFO  [Log] ******************************************************************************************************************** 
2014-10-16 16:15:51,683 INFO  [Log] AboutUs Sheet find successfully 
2014-10-16 16:16:00,764 INFO  [Log] Browser launched successfully 
2014-10-16 16:16:00,779 INFO  [Log] 20 Seconds implecit wait is applied 
2014-10-16 16:16:29,624 INFO  [Log] URL launched successfully 
2014-10-16 16:16:30,560 INFO  [Log] Emailid text box found successfully 
2014-10-16 16:16:31,621 INFO  [Log] Email successfully entered 
2014-10-16 16:16:31,637 INFO  [Log] Password textbox found successfully 
2014-10-16 16:16:31,715 INFO  [Log] Password successfully entered 
2014-10-16 16:16:31,793 INFO  [Log] Login Button found on Login page 
2014-10-16 16:16:39,359 INFO  [Log] Clicked on Login Button 
2014-10-16 16:16:39,561 INFO  [Log] ScreenShot taken succefully 
2014-10-16 16:16:39,577 INFO  [Log] Settings menu found on Page 
2014-10-16 16:16:39,702 INFO  [Log] Logout sub menu found under settings drop down 
2014-10-16 16:16:39,702 INFO  [Log] Logout Sub Menu found Successfully 
2014-10-16 16:16:39,842 ERROR [Log] utility| Class Utills|Method mousehover| Exception descElement is not currently visible and so may not be interacted with (WARNING: The server did not provide any stacktrace information)
Command duration or timeout: 15 milliseconds
Build info: version: '2.43.1', revision: '5163bce', time: '2014-09-10 16:27:58'
System info: host: 'CBTECH5-LAPTOP', ip: '192.168.2.24', os.name: 'Windows 7', os.arch: 'x86', os.version: '6.1', java.version: '1.8.0_20'
Driver info: org.openqa.selenium.firefox.FirefoxDriver
Capabilities [{applicationCacheEnabled=true, rotatable=false, handlesAlerts=true, databaseEnabled=true, version=27.0, platform=WINDOWS, browserConnectionEnabled=true, nativeEvents=false, acceptSslCerts=true, webStorageEnabled=true, locationContextEnabled=true, browserName=firefox, takesScreenshot=true, javascriptEnabled=true, cssSelectorsEnabled=true}]
Session ID: f2d421be-798d-46e8-9209-47fec10aaf73 
2014-10-16 16:16:39,905 INFO  [Log] Settings menu found on Page 
2014-10-16 16:16:40,014 INFO  [Log] Logout sub menu found under settings drop down 
2014-10-16 16:16:40,014 INFO  [Log] Logout Sub Menu found Successfully 
2014-10-16 16:16:40,107 ERROR [Log] utility| Class Utills|Method mousehover| Exception descElement is not currently visible and so may not be interacted with (WARNING: The server did not provide any stacktrace information)
Command duration or timeout: 15 milliseconds
Build info: version: '2.43.1', revision: '5163bce', time: '2014-09-10 16:27:58'
System info: host: 'CBTECH5-LAPTOP', ip: '192.168.2.24', os.name: 'Windows 7', os.arch: 'x86', os.version: '6.1', java.version: '1.8.0_20'
Driver info: org.openqa.selenium.firefox.FirefoxDriver
Capabilities [{applicationCacheEnabled=true, rotatable=false, handlesAlerts=true, databaseEnabled=true, version=27.0, platform=WINDOWS, browserConnectionEnabled=true, nativeEvents=false, acceptSslCerts=true, webStorageEnabled=true, locationContextEnabled=true, browserName=firefox, takesScreenshot=true, javascriptEnabled=true, cssSelectorsEnabled=true}]
Session ID: f2d421be-798d-46e8-9209-47fec10aaf73 
2014-10-16 16:16:40,107 INFO  [Log] Browser Successfully Closed 
2014-10-16 16:16:40,107 INFO  [Log] XXXXXXXXXXXXXXXXXXXXXXXXXXXXXXXXXXXXXXXXXXXXXXXXXXXXXXXXXXXXXXXXXXXXXXXXXXXXXXXXXXXXXXXXXXXXXXXXXXXXXXXXXXXXXXXXXXXX 
2014-10-16 16:16:40,107 INFO  [Log] XXXXXXXXXXXXXXXXXXXXXXXXXXXXXXX----------- End TestCasee------------------  XXXXXXXXXXXXXXXXXXXXXXXXXXXXXXXXXXXXXXXX 
2014-10-16 16:16:40,107 INFO  [Log] XXXXXXXXXXXXXXXXXXXXXXXXXXXXXXXXXXXXXXXXXXXXXXXXXXXXXXXXXXXXXXXXXXXXXXXXXXXXXXXXXXXXXXXXXXXXXXXXXXXXXXXXXXXXXXXXXXXX 
2014-10-16 16:23:20,128 INFO  [Log] ******************************************************************************************************************** 
2014-10-16 16:23:20,128 INFO  [Log] ******************************************************************************************************************** 
2014-10-16 16:23:20,128 INFO  [Log] **********************************            sTestCaseName                ***************************************** 
2014-10-16 16:23:20,128 INFO  [Log] ******************************************************************************************************************** 
2014-10-16 16:23:20,128 INFO  [Log] ******************************************************************************************************************** 
2014-10-16 16:23:31,440 INFO  [Log] Browser launched successfully 
2014-10-16 16:23:31,518 INFO  [Log] 20 Seconds implecit wait is applied 
2014-10-16 16:23:51,408 INFO  [Log] URL launched successfully 
2014-10-16 16:23:53,951 INFO  [Log] Email successfully entered 
2014-10-16 16:23:54,903 INFO  [Log] Password successfully entered 
2014-10-16 16:24:05,620 INFO  [Log] Clicked on Login Button 
2014-10-16 16:24:06,104 INFO  [Log] Settings menu found on Page 
2014-10-16 16:24:06,119 ERROR [Log] utility| Class Utills|Method mousehover| Exception descnull 
2014-10-16 16:24:06,166 INFO  [Log] Settings menu found on Page 
2014-10-16 16:24:06,166 ERROR [Log] utility| Class Utills|Method mousehover| Exception descnull 
2014-10-16 16:24:06,166 INFO  [Log] Browser Successfully Closed 
2014-10-16 16:24:06,166 INFO  [Log] XXXXXXXXXXXXXXXXXXXXXXXXXXXXXXXXXXXXXXXXXXXXXXXXXXXXXXXXXXXXXXXXXXXXXXXXXXXXXXXXXXXXXXXXXXXXXXXXXXXXXXXXXXXXXXXXXXXX 
2014-10-16 16:24:06,166 INFO  [Log] XXXXXXXXXXXXXXXXXXXXXXXXXXXXXXX----------- End TestCasee------------------  XXXXXXXXXXXXXXXXXXXXXXXXXXXXXXXXXXXXXXXX 
2014-10-16 16:24:06,166 INFO  [Log] XXXXXXXXXXXXXXXXXXXXXXXXXXXXXXXXXXXXXXXXXXXXXXXXXXXXXXXXXXXXXXXXXXXXXXXXXXXXXXXXXXXXXXXXXXXXXXXXXXXXXXXXXXXXXXXXXXXX 
2014-10-16 16:41:32,961 INFO  [Log] ******************************************************************************************************************** 
2014-10-16 16:41:32,961 INFO  [Log] ******************************************************************************************************************** 
2014-10-16 16:41:32,961 INFO  [Log] **********************************            sTestCaseName                ***************************************** 
2014-10-16 16:41:32,961 INFO  [Log] ******************************************************************************************************************** 
2014-10-16 16:41:32,961 INFO  [Log] ******************************************************************************************************************** 
2014-10-16 16:41:45,599 INFO  [Log] Browser launched successfully 
2014-10-16 16:41:45,646 INFO  [Log] 20 Seconds implecit wait is applied 
2014-10-16 16:42:04,054 INFO  [Log] URL launched successfully 
2014-10-16 16:42:06,566 INFO  [Log] Email successfully entered 
2014-10-16 16:42:07,533 INFO  [Log] Password successfully entered 
2014-10-16 16:42:18,063 INFO  [Log] Clicked on Login Button 
2014-10-16 16:42:18,609 INFO  [Log] Settings menu found on Page 
2014-10-16 16:42:18,624 ERROR [Log] utility| Class Utills| Method wait_for_element| Exception descnull 
2014-10-16 16:42:18,624 ERROR [Log] utility| Class Utills|Method mousehover| Exception descnull 
2014-10-16 16:42:18,671 INFO  [Log] Settings menu found on Page 
2014-10-16 16:42:18,671 ERROR [Log] utility| Class Utills| Method wait_for_element| Exception descnull 
2014-10-16 16:42:18,671 ERROR [Log] utility| Class Utills|Method mousehover| Exception descnull 
2014-10-16 16:42:18,671 INFO  [Log] Browser Successfully Closed 
2014-10-16 16:42:18,671 INFO  [Log] XXXXXXXXXXXXXXXXXXXXXXXXXXXXXXXXXXXXXXXXXXXXXXXXXXXXXXXXXXXXXXXXXXXXXXXXXXXXXXXXXXXXXXXXXXXXXXXXXXXXXXXXXXXXXXXXXXXX 
2014-10-16 16:42:18,671 INFO  [Log] XXXXXXXXXXXXXXXXXXXXXXXXXXXXXXX----------- End TestCasee------------------  XXXXXXXXXXXXXXXXXXXXXXXXXXXXXXXXXXXXXXXX 
2014-10-16 16:42:18,671 INFO  [Log] XXXXXXXXXXXXXXXXXXXXXXXXXXXXXXXXXXXXXXXXXXXXXXXXXXXXXXXXXXXXXXXXXXXXXXXXXXXXXXXXXXXXXXXXXXXXXXXXXXXXXXXXXXXXXXXXXXXX 
2014-10-16 16:50:08,237 INFO  [Log] ******************************************************************************************************************** 
2014-10-16 16:50:08,237 INFO  [Log] ******************************************************************************************************************** 
2014-10-16 16:50:08,237 INFO  [Log] **********************************            sTestCaseName                ***************************************** 
2014-10-16 16:50:08,237 INFO  [Log] ******************************************************************************************************************** 
2014-10-16 16:50:08,237 INFO  [Log] ******************************************************************************************************************** 
2014-10-16 16:50:21,281 INFO  [Log] Browser launched successfully 
2014-10-16 16:50:21,328 INFO  [Log] 20 Seconds implecit wait is applied 
2014-10-16 16:50:39,221 INFO  [Log] URL launched successfully 
2014-10-16 16:50:41,764 INFO  [Log] Email successfully entered 
2014-10-16 16:50:42,684 INFO  [Log] Password successfully entered 
2014-10-16 16:50:53,464 INFO  [Log] Clicked on Login Button 
2014-10-16 16:50:53,963 INFO  [Log] Settings menu found on Page 
2014-10-16 16:50:53,978 ERROR [Log] utility| Class Utills| Method wait_for_element| Exception descnull 
2014-10-16 16:50:53,978 ERROR [Log] utility| Class Utills|Method mousehover| Exception descnull 
2014-10-16 16:50:53,978 INFO  [Log] Browser Successfully Closed 
2014-10-16 16:50:53,978 INFO  [Log] XXXXXXXXXXXXXXXXXXXXXXXXXXXXXXXXXXXXXXXXXXXXXXXXXXXXXXXXXXXXXXXXXXXXXXXXXXXXXXXXXXXXXXXXXXXXXXXXXXXXXXXXXXXXXXXXXXXX 
2014-10-16 16:50:53,978 INFO  [Log] XXXXXXXXXXXXXXXXXXXXXXXXXXXXXXX----------- End TestCasee------------------  XXXXXXXXXXXXXXXXXXXXXXXXXXXXXXXXXXXXXXXX 
2014-10-16 16:50:53,978 INFO  [Log] XXXXXXXXXXXXXXXXXXXXXXXXXXXXXXXXXXXXXXXXXXXXXXXXXXXXXXXXXXXXXXXXXXXXXXXXXXXXXXXXXXXXXXXXXXXXXXXXXXXXXXXXXXXXXXXXXXXX 
2014-10-16 16:55:33,955 INFO  [Log] ******************************************************************************************************************** 
2014-10-16 16:55:33,955 INFO  [Log] ******************************************************************************************************************** 
2014-10-16 16:55:33,955 INFO  [Log] **********************************            sTestCaseName                ***************************************** 
2014-10-16 16:55:33,955 INFO  [Log] ******************************************************************************************************************** 
2014-10-16 16:55:33,955 INFO  [Log] ******************************************************************************************************************** 
2014-10-16 16:55:46,843 INFO  [Log] Browser launched successfully 
2014-10-16 16:55:46,889 INFO  [Log] 20 Seconds implecit wait is applied 
2014-10-16 16:56:08,542 INFO  [Log] URL launched successfully 
2014-10-16 16:56:11,070 INFO  [Log] Email successfully entered 
2014-10-16 16:56:11,990 INFO  [Log] Password successfully entered 
2014-10-16 16:56:23,050 INFO  [Log] Clicked on Login Button 
2014-10-16 16:56:23,565 INFO  [Log] Settings menu found on Page 
2014-10-16 16:56:23,565 ERROR [Log] utility| Class Utills| Method wait_for_element| Exception descnull 
2014-10-16 16:56:23,581 ERROR [Log] utility| Class Utills|Method mousehover| Exception descnull 
2014-10-16 16:56:23,581 INFO  [Log] Browser Successfully Closed 
2014-10-16 16:56:23,581 INFO  [Log] XXXXXXXXXXXXXXXXXXXXXXXXXXXXXXXXXXXXXXXXXXXXXXXXXXXXXXXXXXXXXXXXXXXXXXXXXXXXXXXXXXXXXXXXXXXXXXXXXXXXXXXXXXXXXXXXXXXX 
2014-10-16 16:56:23,581 INFO  [Log] XXXXXXXXXXXXXXXXXXXXXXXXXXXXXXX----------- End TestCasee------------------  XXXXXXXXXXXXXXXXXXXXXXXXXXXXXXXXXXXXXXXX 
2014-10-16 16:56:23,581 INFO  [Log] XXXXXXXXXXXXXXXXXXXXXXXXXXXXXXXXXXXXXXXXXXXXXXXXXXXXXXXXXXXXXXXXXXXXXXXXXXXXXXXXXXXXXXXXXXXXXXXXXXXXXXXXXXXXXXXXXXXX 
2014-10-16 16:59:33,016 INFO  [Log] ******************************************************************************************************************** 
2014-10-16 16:59:33,016 INFO  [Log] ******************************************************************************************************************** 
2014-10-16 16:59:33,016 INFO  [Log] **********************************            sTestCaseName                ***************************************** 
2014-10-16 16:59:33,016 INFO  [Log] ******************************************************************************************************************** 
2014-10-16 16:59:33,016 INFO  [Log] ******************************************************************************************************************** 
2014-10-16 16:59:46,278 INFO  [Log] Browser launched successfully 
2014-10-16 16:59:46,340 INFO  [Log] 20 Seconds implecit wait is applied 
2014-10-16 17:00:14,857 INFO  [Log] URL launched successfully 
2014-10-16 17:00:17,447 INFO  [Log] Email successfully entered 
2014-10-16 17:00:18,445 INFO  [Log] Password successfully entered 
2014-10-16 17:00:29,131 INFO  [Log] Clicked on Login Button 
2014-10-16 17:00:29,646 INFO  [Log] Settings menu found on Page 
2014-10-16 17:00:29,662 ERROR [Log] utility| Class Utills| Method wait_for_element| Exception descnull 
2014-10-16 17:00:29,708 INFO  [Log] Settings menu found on Page 
2014-10-16 17:00:30,114 INFO  [Log] Logout sub menu found under settings drop down 
2014-10-16 17:00:30,520 INFO  [Log] Browser Successfully Closed 
2014-10-16 17:00:30,520 INFO  [Log] XXXXXXXXXXXXXXXXXXXXXXXXXXXXXXXXXXXXXXXXXXXXXXXXXXXXXXXXXXXXXXXXXXXXXXXXXXXXXXXXXXXXXXXXXXXXXXXXXXXXXXXXXXXXXXXXXXXX 
2014-10-16 17:00:30,520 INFO  [Log] XXXXXXXXXXXXXXXXXXXXXXXXXXXXXXX----------- End TestCasee------------------  XXXXXXXXXXXXXXXXXXXXXXXXXXXXXXXXXXXXXXXX 
2014-10-16 17:00:30,520 INFO  [Log] XXXXXXXXXXXXXXXXXXXXXXXXXXXXXXXXXXXXXXXXXXXXXXXXXXXXXXXXXXXXXXXXXXXXXXXXXXXXXXXXXXXXXXXXXXXXXXXXXXXXXXXXXXXXXXXXXXXX 
2014-10-16 17:03:56,911 INFO  [Log] ******************************************************************************************************************** 
2014-10-16 17:03:56,911 INFO  [Log] ******************************************************************************************************************** 
2014-10-16 17:03:56,911 INFO  [Log] **********************************            sTestCaseName                ***************************************** 
2014-10-16 17:03:56,911 INFO  [Log] ******************************************************************************************************************** 
2014-10-16 17:03:56,911 INFO  [Log] ******************************************************************************************************************** 
2014-10-16 17:04:09,877 INFO  [Log] Browser launched successfully 
2014-10-16 17:04:09,923 INFO  [Log] 20 Seconds implecit wait is applied 
2014-10-16 17:04:33,791 INFO  [Log] URL launched successfully 
2014-10-16 17:04:36,334 INFO  [Log] Email successfully entered 
2014-10-16 17:04:37,301 INFO  [Log] Password successfully entered 
2014-10-16 17:04:48,190 INFO  [Log] Clicked on Login Button 
2014-10-16 17:04:48,689 INFO  [Log] Settings menu found on Page 
2014-10-16 17:04:48,689 ERROR [Log] utility| Class Utills| Method wait_for_element| Exception descnull 
2014-10-16 17:04:48,752 INFO  [Log] Settings menu found on Page 
2014-10-16 17:04:49,157 INFO  [Log] Settings dropdown Clicked 
2014-10-16 17:04:49,189 INFO  [Log] Logout sub menu found under settings drop down 
2014-10-16 17:04:49,610 INFO  [Log] Logout button Clicked 
2014-10-16 17:04:49,610 INFO  [Log] Browser Successfully Closed 
2014-10-16 17:04:49,610 INFO  [Log] XXXXXXXXXXXXXXXXXXXXXXXXXXXXXXXXXXXXXXXXXXXXXXXXXXXXXXXXXXXXXXXXXXXXXXXXXXXXXXXXXXXXXXXXXXXXXXXXXXXXXXXXXXXXXXXXXXXX 
2014-10-16 17:04:49,610 INFO  [Log] XXXXXXXXXXXXXXXXXXXXXXXXXXXXXXX----------- End TestCasee------------------  XXXXXXXXXXXXXXXXXXXXXXXXXXXXXXXXXXXXXXXX 
2014-10-16 17:04:49,610 INFO  [Log] XXXXXXXXXXXXXXXXXXXXXXXXXXXXXXXXXXXXXXXXXXXXXXXXXXXXXXXXXXXXXXXXXXXXXXXXXXXXXXXXXXXXXXXXXXXXXXXXXXXXXXXXXXXXXXXXXXXX 
2014-11-13 12:01:14,218 INFO  [Log] ******************************************************************************************************************** 
2014-11-13 12:01:14,218 INFO  [Log] ******************************************************************************************************************** 
2014-11-13 12:01:14,218 INFO  [Log] **********************************            sTestCaseName                ***************************************** 
2014-11-13 12:01:14,218 INFO  [Log] ******************************************************************************************************************** 
2014-11-13 12:01:14,218 INFO  [Log] ******************************************************************************************************************** 
2014-11-13 12:01:22,862 INFO  [Log] Browser launched successfully 
2014-11-13 12:01:22,893 INFO  [Log] 20 Seconds implecit wait is applied 
2014-11-13 12:01:38,587 INFO  [Log] URL launched successfully 
2014-11-13 12:01:40,272 INFO  [Log] Email successfully entered 
2014-11-13 12:01:41,707 INFO  [Log] Password successfully entered 
2014-11-13 12:01:48,477 INFO  [Log] Clicked on Login Button 
2014-11-13 12:01:48,758 INFO  [Log] Settings menu found on Page 
2014-11-13 12:01:48,930 INFO  [Log] Settings dropdown Clicked 
2014-11-13 12:01:48,945 INFO  [Log] Logout sub menu found under settings drop down 
2014-11-13 12:01:49,132 INFO  [Log] Logout button Clicked 
2014-11-13 12:01:49,132 INFO  [Log] Browser Successfully Closed 
2014-11-13 12:01:49,132 INFO  [Log] XXXXXXXXXXXXXXXXXXXXXXXXXXXXXXXXXXXXXXXXXXXXXXXXXXXXXXXXXXXXXXXXXXXXXXXXXXXXXXXXXXXXXXXXXXXXXXXXXXXXXXXXXXXXXXXXXXXX 
2014-11-13 12:01:49,132 INFO  [Log] XXXXXXXXXXXXXXXXXXXXXXXXXXXXXXX----------- End TestCasee------------------  XXXXXXXXXXXXXXXXXXXXXXXXXXXXXXXXXXXXXXXX 
2014-11-13 12:01:49,132 INFO  [Log] XXXXXXXXXXXXXXXXXXXXXXXXXXXXXXXXXXXXXXXXXXXXXXXXXXXXXXXXXXXXXXXXXXXXXXXXXXXXXXXXXXXXXXXXXXXXXXXXXXXXXXXXXXXXXXXXXXXX 
